Using pre-set license
Built from '2020.3/staging' branch; Version is '2020.3.22f1 (e1a7f79fd887) revision 14788599'; Using compiler version '192528614'; Build Type 'Release'
OS: 'Windows 10 Enterprise; OS build 18363.2094; Version 1909; 64bit' Language: 'fr' Physical Memory: 16035 MB
BatchMode: 1, IsHumanControllingUs: 0, StartBugReporterOnCrash: 0, Is64bit: 1, IsPro: 0

COMMAND LINE ARGUMENTS:
D:\__TOOLS\Unity\2020\Editor\Unity.exe
-adb2
-batchMode
-noUpm
-name
AssetImportWorker1
-projectPath
D:/__REPO/GITHUB/unity_ProgrammingTechniquesAndPatterns/GameObjectsAndScripts
-logFile
Logs/AssetImportWorker1.log
-srvPort
58421
Successfully changed project path to: D:/__REPO/GITHUB/unity_ProgrammingTechniquesAndPatterns/GameObjectsAndScripts
D:/__REPO/GITHUB/unity_ProgrammingTechniquesAndPatterns/GameObjectsAndScripts
Using Asset Import Pipeline V2.
Refreshing native plugins compatible for Editor in 74.48 ms, found 0 plugins.
Preloading 0 native plugins for Editor in 0.00 ms.
Initialize engine version: 2020.3.22f1 (e1a7f79fd887)
[Subsystems] Discovering subsystems at path D:/__TOOLS/Unity/2020/Editor/Data/Resources/UnitySubsystems
[Subsystems] Discovering subsystems at path D:/__REPO/GITHUB/unity_ProgrammingTechniquesAndPatterns/GameObjectsAndScripts/Assets
GfxDevice: creating device client; threaded=0
Direct3D:
    Version:  Direct3D 11.0 [level 11.1]
    Renderer: Intel(R) HD Graphics 620 (ID=0x5916)
    Vendor:   
    VRAM:     8017 MB
    Driver:   24.20.100.6226
Initialize mono
Mono path[0] = 'D:/__TOOLS/Unity/2020/Editor/Data/Managed'
Mono path[1] = 'D:/__TOOLS/Unity/2020/Editor/Data/MonoBleedingEdge/lib/mono/unityjit'
Mono config path = 'D:/__TOOLS/Unity/2020/Editor/Data/MonoBleedingEdge/etc'
Using monoOptions --debugger-agent=transport=dt_socket,embedding=1,server=y,suspend=n,address=127.0.0.1:56728
Begin MonoManager ReloadAssembly
