Using pre-set license
Built from '2020.3/staging' branch; Version is '2020.3.22f1 (e1a7f79fd887) revision 14788599'; Using compiler version '192528614'; Build Type 'Release'
OS: 'Windows 10 Enterprise; OS build 18363.2094; Version 1909; 64bit' Language: 'fr' Physical Memory: 16035 MB
BatchMode: 1, IsHumanControllingUs: 0, StartBugReporterOnCrash: 0, Is64bit: 1, IsPro: 0

COMMAND LINE ARGUMENTS:
D:\__TOOLS\Unity\2020\Editor\Unity.exe
-adb2
-batchMode
-noUpm
-name
AssetImportWorker2
-projectPath
D:/__REPO/GITHUB/unity_ProgrammingTechniquesAndPatterns/MathematicalSurfaces
-logFile
Logs/AssetImportWorker2.log
-srvPort
65096
Successfully changed project path to: D:/__REPO/GITHUB/unity_ProgrammingTechniquesAndPatterns/MathematicalSurfaces
D:/__REPO/GITHUB/unity_ProgrammingTechniquesAndPatterns/MathematicalSurfaces
Using Asset Import Pipeline V2.
Refreshing native plugins compatible for Editor in 86.93 ms, found 0 plugins.
Preloading 0 native plugins for Editor in 0.00 ms.
Initialize engine version: 2020.3.22f1 (e1a7f79fd887)
[Subsystems] Discovering subsystems at path D:/__TOOLS/Unity/2020/Editor/Data/Resources/UnitySubsystems
[Subsystems] Discovering subsystems at path D:/__REPO/GITHUB/unity_ProgrammingTechniquesAndPatterns/MathematicalSurfaces/Assets
GfxDevice: creating device client; threaded=0
Direct3D:
    Version:  Direct3D 11.0 [level 11.1]
    Renderer: Intel(R) HD Graphics 620 (ID=0x5916)
    Vendor:   
    VRAM:     8017 MB
    Driver:   24.20.100.6226
Initialize mono
Mono path[0] = 'D:/__TOOLS/Unity/2020/Editor/Data/Managed'
Mono path[1] = 'D:/__TOOLS/Unity/2020/Editor/Data/MonoBleedingEdge/lib/mono/unityjit'
Mono config path = 'D:/__TOOLS/Unity/2020/Editor/Data/MonoBleedingEdge/etc'
Using monoOptions --debugger-agent=transport=dt_socket,embedding=1,server=y,suspend=n,address=127.0.0.1:56284
Begin MonoManager ReloadAssembly
Registering precompiled unity dll's ...
Register platform support module: D:/__TOOLS/Unity/2020/Editor/Data/PlaybackEngines/WebGLSupport/UnityEditor.WebGL.Extensions.dll
Register platform support module: D:/__TOOLS/Unity/2020/Editor/Data/PlaybackEngines/WindowsStandaloneSupport/UnityEditor.WindowsStandalone.Extensions.dll
Registered in 0.007298 seconds.
Native extension for WindowsStandalone target not found
Native extension for WebGL target not found
Refreshing native plugins compatible for Editor in 79.19 ms, found 0 plugins.
Preloading 0 native plugins for Editor in 0.00 ms.
Mono: successfully reloaded assembly
- Completed reload, in  3.731 seconds
Domain Reload Profiling:
	ReloadAssembly (3732ms)
		BeginReloadAssembly (602ms)
			ExecutionOrderSort (0ms)
			DisableScriptedObjects (0ms)
			BackupInstance (0ms)
			ReleaseScriptingObjects (0ms)
			CreateAndSetChildDomain (1ms)
		EndReloadAssembly (1002ms)
			LoadAssemblies (614ms)
			RebuildTransferFunctionScriptingTraits (0ms)
			SetupTypeCache (373ms)
			ReleaseScriptCaches (0ms)
			RebuildScriptCaches (64ms)
			SetupLoadedEditorAssemblies (353ms)
				LogAssemblyErrors (0ms)
				InitializePlatformSupportModulesInManaged (10ms)
				SetLoadedEditorAssemblies (0ms)
				RefreshPlugins (79ms)
				BeforeProcessingInitializeOnLoad (25ms)
				ProcessInitializeOnLoadAttributes (179ms)
				ProcessInitializeOnLoadMethodAttributes (60ms)
				AfterProcessingInitializeOnLoad (0ms)
				EditorAssembliesLoaded (1ms)
			ExecutionOrderSort2 (0ms)
			AwakeInstancesAfterBackupRestoration (0ms)
Platform modules already initialized, skipping
Registering precompiled user dll's ...
Registered in 0.008740 seconds.
Begin MonoManager ReloadAssembly
Native extension for WindowsStandalone target not found
Native extension for WebGL target not found
Refreshing native plugins compatible for Editor in 64.99 ms, found 0 plugins.
Preloading 0 native plugins for Editor in 0.00 ms.
Mono: successfully reloaded assembly
- Completed reload, in  2.078 seconds
Domain Reload Profiling:
	ReloadAssembly (2082ms)
		BeginReloadAssembly (696ms)
			ExecutionOrderSort (0ms)
			DisableScriptedObjects (14ms)
			BackupInstance (0ms)
			ReleaseScriptingObjects (0ms)
			CreateAndSetChildDomain (35ms)
		EndReloadAssembly (1278ms)
			LoadAssemblies (684ms)
			RebuildTransferFunctionScriptingTraits (0ms)
			SetupTypeCache (426ms)
			ReleaseScriptCaches (1ms)
			RebuildScriptCaches (78ms)
			SetupLoadedEditorAssemblies (345ms)
				LogAssemblyErrors (0ms)
				InitializePlatformSupportModulesInManaged (8ms)
				SetLoadedEditorAssemblies (0ms)
				RefreshPlugins (65ms)
				BeforeProcessingInitializeOnLoad (100ms)
				ProcessInitializeOnLoadAttributes (159ms)
				ProcessInitializeOnLoadMethodAttributes (8ms)
				AfterProcessingInitializeOnLoad (3ms)
				EditorAssembliesLoaded (0ms)
			ExecutionOrderSort2 (0ms)
			AwakeInstancesAfterBackupRestoration (10ms)
Platform modules already initialized, skipping
========================================================================
Worker process is ready to serve import requests
Launched and connected shader compiler UnityShaderCompiler.exe after 0.38 seconds
Refreshing native plugins compatible for Editor in 0.43 ms, found 0 plugins.
Preloading 0 native plugins for Editor in 0.00 ms.
Unloading 2237 Unused Serialized files (Serialized files now loaded: 0)
System memory in use before: 110.8 MB.
System memory in use after: 110.9 MB.

Unloading 8 unused Assets to reduce memory usage. Loaded Objects now: 2679.
Total: 6.791300 ms (FindLiveObjects: 0.361400 ms CreateObjectMapping: 0.169400 ms MarkObjects: 6.111100 ms  DeleteObjects: 0.147300 ms)

AssetImportParameters requested are different than current active one (requested -> active):
  custom:framework-win-MediaFoundation: 216162199b28c13a410421893ffa2e32 -> 
  custom:video-decoder-ogg-theora: a1e56fd34408186e4bbccfd4996cb3dc -> 
  custom:container-muxer-webm: aa71ff27fc2769a1b78a27578f13a17b -> 
  custom:container-demuxer-webm: 4f35f7cbe854078d1ac9338744f61a02 -> 
  custom:container-demuxer-ogg: 62fdf1f143b41e24485cea50d1cbac27 -> 
  custom:video-encoder-webm-vp8: eb34c28f22e8b96e1ab97ce403110664 -> 
  custom:video-decoder-webm-vp8: 9c59270c3fd7afecdb556c50c9e8de78 -> 
  custom:audio-decoder-ogg-vorbis: bf7c407c2cedff20999df2af8eb42d56 -> 
  custom:audio-encoder-webm-vorbis: bf7c407c2cedff20999df2af8eb42d56 -> 
========================================================================
Received Import Request.
  path: Assets
  artifactKey: Guid(00000000000000001000000000000000) Importer(815301076,1909f56bfc062723c751e8b465ee728b)
Start importing Assets using Guid(00000000000000001000000000000000) Importer(815301076,1909f56bfc062723c751e8b465ee728b)  -> (artifact id: '42d402b061de3733987d63b9cc3b64de') in 0.025188 seconds 
  Import took 0.031031 seconds .

========================================================================
Received Import Request.
  Time since last request: 0.000362 seconds.
  path: Assets/Scenes/MainScene.unity
  artifactKey: Guid(7ec960189ee97014b81ab9fc018365b4) Importer(815301076,1909f56bfc062723c751e8b465ee728b)
Start importing Assets/Scenes/MainScene.unity using Guid(7ec960189ee97014b81ab9fc018365b4) Importer(815301076,1909f56bfc062723c751e8b465ee728b)  -> (artifact id: 'c8a2574771f7221b32cf9eaa63d44d8d') in 0.031835 seconds 
  Import took 0.036793 seconds .

========================================================================
Received Import Request.
  Time since last request: 0.000366 seconds.
  path: Assets/Scenes
  artifactKey: Guid(5d323fe53d5f4fe4a9febf3e3387defc) Importer(815301076,1909f56bfc062723c751e8b465ee728b)
Start importing Assets/Scenes using Guid(5d323fe53d5f4fe4a9febf3e3387defc) Importer(815301076,1909f56bfc062723c751e8b465ee728b)  -> (artifact id: '44c43685a35cd9a2f551f22e65f1da70') in 0.018045 seconds 
  Import took 0.022634 seconds .

========================================================================
Received Import Request.
  Time since last request: 0.000339 seconds.
  path: Assets/Scripts/Graph.cs
  artifactKey: Guid(ce7b19af107d9da4389ca517ac0f3c06) Importer(815301076,1909f56bfc062723c751e8b465ee728b)
Start importing Assets/Scripts/Graph.cs using Guid(ce7b19af107d9da4389ca517ac0f3c06) Importer(815301076,1909f56bfc062723c751e8b465ee728b)  -> (artifact id: '59b60f934e93c5a608914ef2a29c187d') in 0.154235 seconds 
  Import took 0.159530 seconds .

========================================================================
Received Import Request.
  Time since last request: 0.000395 seconds.
  path: Assets/Scripts/FunctionLibrary.cs
  artifactKey: Guid(8c5c0cc9d2c1eba4d8eaef425a75fd52) Importer(815301076,1909f56bfc062723c751e8b465ee728b)
Start importing Assets/Scripts/FunctionLibrary.cs using Guid(8c5c0cc9d2c1eba4d8eaef425a75fd52) Importer(815301076,1909f56bfc062723c751e8b465ee728b)  -> (artifact id: 'd61c73073b246f76a0e28aa27387365b') in 0.018605 seconds 
  Import took 0.024729 seconds .

========================================================================
Received Import Request.
  Time since last request: 3.809467 seconds.
  path: Assets/Materials
  artifactKey: Guid(4f993b09c2f756c4f8b9c104573d5b07) Importer(815301076,1909f56bfc062723c751e8b465ee728b)
Start importing Assets/Materials using Guid(4f993b09c2f756c4f8b9c104573d5b07) Importer(815301076,1909f56bfc062723c751e8b465ee728b)  -> (artifact id: 'f3b3169a79b82b2557d756cee3058e60') in 0.045610 seconds 
  Import took 0.067784 seconds .

========================================================================
Received Import Request.
  Time since last request: 0.019207 seconds.
  path: Assets/Prefabs/Point.prefab
  artifactKey: Guid(c4e5ce61bac006846bb5d5d7d38144f5) Importer(815301076,1909f56bfc062723c751e8b465ee728b)
Start importing Assets/Prefabs/Point.prefab using Guid(c4e5ce61bac006846bb5d5d7d38144f5) Importer(815301076,1909f56bfc062723c751e8b465ee728b)  -> (artifact id: '2883d683810fc5316382e53bc2be70a6') in 1.937512 seconds 
  Import took 1.945599 seconds .

========================================================================
Received Import Request.
  Time since last request: 0.012048 seconds.
  path: Assets/Materials/Shaders
  artifactKey: Guid(99694892a61285849a1292ec4bfcba94) Importer(815301076,1909f56bfc062723c751e8b465ee728b)
Start importing Assets/Materials/Shaders using Guid(99694892a61285849a1292ec4bfcba94) Importer(815301076,1909f56bfc062723c751e8b465ee728b)  -> (artifact id: '52185f8a0614bda2489390f6a63225f6') in 0.019129 seconds 
  Import took 0.024933 seconds .

========================================================================
Received Import Request.
  Time since last request: 0.013257 seconds.
  path: Assets/Materials/Point URP.mat
  artifactKey: Guid(6bdd23b1ad7ba764699f143bac56dc07) Importer(815301076,1909f56bfc062723c751e8b465ee728b)
Start importing Assets/Materials/Point URP.mat using Guid(6bdd23b1ad7ba764699f143bac56dc07) Importer(815301076,1909f56bfc062723c751e8b465ee728b)  -> (artifact id: 'a7c2fb4a4521828ed71c211864a28d91') in 0.113585 seconds 
  Import took 0.120087 seconds .

========================================================================
Received Import Request.
  Time since last request: 0.017655 seconds.
  path: Assets/Materials/Shaders/Point Surface.shader
  artifactKey: Guid(ba423d8e59d12c54ea7ca70088660e6f) Importer(815301076,1909f56bfc062723c751e8b465ee728b)
Start importing Assets/Materials/Shaders/Point Surface.shader using Guid(ba423d8e59d12c54ea7ca70088660e6f) Importer(815301076,1909f56bfc062723c751e8b465ee728b)  -> (artifact id: 'bf1c8bde511f91ca3e08c8b3081e7e89') in 0.025003 seconds 
  Import took 0.031287 seconds .

========================================================================
Received Import Request.
  Time since last request: 0.013258 seconds.
  path: Assets/URP/URP.asset
  artifactKey: Guid(1c6deca64da57684288718af6be6f7aa) Importer(815301076,1909f56bfc062723c751e8b465ee728b)
Start importing Assets/URP/URP.asset using Guid(1c6deca64da57684288718af6be6f7aa) Importer(815301076,1909f56bfc062723c751e8b465ee728b)  -> (artifact id: 'e477cf8ab979ad291928accbdb60836c') in 0.024960 seconds 
  Import took 0.032937 seconds .

========================================================================
Received Import Request.
  Time since last request: 0.021914 seconds.
  path: Assets/URP
  artifactKey: Guid(78f7ff54b94fcb944bac005d4b641e89) Importer(815301076,1909f56bfc062723c751e8b465ee728b)
Start importing Assets/URP using Guid(78f7ff54b94fcb944bac005d4b641e89) Importer(815301076,1909f56bfc062723c751e8b465ee728b)  -> (artifact id: 'b86649d02d71390b7243415f9bccae98') in 0.020938 seconds 
  Import took 0.027659 seconds .

========================================================================
Received Import Request.
  Time since last request: 0.008912 seconds.
  path: Assets/Scripts
  artifactKey: Guid(ebbfb091f11777f4596fc4d6a532c992) Importer(815301076,1909f56bfc062723c751e8b465ee728b)
Start importing Assets/Scripts using Guid(ebbfb091f11777f4596fc4d6a532c992) Importer(815301076,1909f56bfc062723c751e8b465ee728b)  -> (artifact id: '8975a59c4da7dcd74be66e21c3a5a148') in 0.018305 seconds 
  Import took 0.024274 seconds .

========================================================================
Received Import Request.
  Time since last request: 0.033981 seconds.
  path: Assets/Materials/Point Surface.mat
  artifactKey: Guid(a9d518c7621ad1c418acefb3543e3b16) Importer(815301076,1909f56bfc062723c751e8b465ee728b)
Start importing Assets/Materials/Point Surface.mat using Guid(a9d518c7621ad1c418acefb3543e3b16) Importer(815301076,1909f56bfc062723c751e8b465ee728b)  -> (artifact id: '9330375584c501a67b483910f222db6c') in 0.073089 seconds 
  Import took 0.080248 seconds .

========================================================================
Received Import Request.
  Time since last request: 0.018012 seconds.
  path: Assets/Materials/Shaders/Point URP.shadergraph
  artifactKey: Guid(68329505e6864274abe7383dc6eff780) Importer(815301076,1909f56bfc062723c751e8b465ee728b)
Start importing Assets/Materials/Shaders/Point URP.shadergraph using Guid(68329505e6864274abe7383dc6eff780) Importer(815301076,1909f56bfc062723c751e8b465ee728b)  -> (artifact id: '47f5aa9bb4f1ea1f3d5fcc653330d6d0') in 0.026082 seconds 
  Import took 0.032169 seconds .

========================================================================
Received Import Request.
  Time since last request: 0.009029 seconds.
  path: Assets/Prefabs
  artifactKey: Guid(6cd360295e77072498e850dec5d0c0e7) Importer(815301076,1909f56bfc062723c751e8b465ee728b)
Start importing Assets/Prefabs using Guid(6cd360295e77072498e850dec5d0c0e7) Importer(815301076,1909f56bfc062723c751e8b465ee728b)  -> (artifact id: 'c042324e8eaad84bbe87db829addf138') in 0.019231 seconds 
  Import took 0.026222 seconds .

========================================================================
Received Import Request.
  Time since last request: 0.022162 seconds.
  path: Assets/URP/URP_Renderer.asset
  artifactKey: Guid(2fbaf0681f289484a9492f3b2637d0ed) Importer(815301076,1909f56bfc062723c751e8b465ee728b)
Start importing Assets/URP/URP_Renderer.asset using Guid(2fbaf0681f289484a9492f3b2637d0ed) Importer(815301076,1909f56bfc062723c751e8b465ee728b)  -> (artifact id: 'f59cd42eb63d9efc49a4973e755c9b88') in 0.023413 seconds 
  Import took 0.031066 seconds .

AssetImportWorkerClient::OnTransportError - code=2 error=End of file
