Using pre-set license
Built from '2020.3/staging' branch; Version is '2020.3.22f1 (e1a7f79fd887) revision 14788599'; Using compiler version '192528614'; Build Type 'Release'
OS: 'Windows 10 Enterprise; OS build 18363.2094; Version 1909; 64bit' Language: 'fr' Physical Memory: 16035 MB
BatchMode: 1, IsHumanControllingUs: 0, StartBugReporterOnCrash: 0, Is64bit: 1, IsPro: 0

COMMAND LINE ARGUMENTS:
D:\__TOOLS\Unity\2020\Editor\Unity.exe
-adb2
-batchMode
-noUpm
-name
AssetImportWorker1
-projectPath
D:/__REPO/GITHUB/unity_ProgrammingTechniquesAndPatterns/BuildingAGraph
-logFile
Logs/AssetImportWorker1.log
-srvPort
53322
Successfully changed project path to: D:/__REPO/GITHUB/unity_ProgrammingTechniquesAndPatterns/BuildingAGraph
D:/__REPO/GITHUB/unity_ProgrammingTechniquesAndPatterns/BuildingAGraph
Using Asset Import Pipeline V2.
Refreshing native plugins compatible for Editor in 270.97 ms, found 2 plugins.
Preloading 0 native plugins for Editor in 0.00 ms.
Initialize engine version: 2020.3.22f1 (e1a7f79fd887)
[Subsystems] Discovering subsystems at path D:/__TOOLS/Unity/2020/Editor/Data/Resources/UnitySubsystems
[Subsystems] Discovering subsystems at path D:/__REPO/GITHUB/unity_ProgrammingTechniquesAndPatterns/BuildingAGraph/Assets
GfxDevice: creating device client; threaded=0
