Using pre-set license
Built from '2020.3/staging' branch; Version is '2020.3.14f1 (d0d1bb862f9d) revision 13685179'; Using compiler version '192528614'; Build Type 'Release'
OS: 'Windows 10 Pro; OS build 19043.1526; Version 2009; 64bit' Language: 'fr' Physical Memory: 16301 MB
BatchMode: 1, IsHumanControllingUs: 0, StartBugReporterOnCrash: 0, Is64bit: 1, IsPro: 0

 COMMAND LINE ARGUMENTS:
A:\__OUTILS\__UNITY\2020.3.14f1\Editor\Unity.exe
-adb2
-batchMode
-noUpm
-name
AssetImportWorker0
-projectPath
D:/__PROJETS/__GITHUB/unity_ProgrammingTechniquesAndPatterns/BuildingAGraph
-logFile
Logs/AssetImportWorker0.log
-srvPort
56999
Successfully changed project path to: D:/__PROJETS/__GITHUB/unity_ProgrammingTechniquesAndPatterns/BuildingAGraph
D:/__PROJETS/__GITHUB/unity_ProgrammingTechniquesAndPatterns/BuildingAGraph
Using Asset Import Pipeline V2.
Refreshing native plugins compatible for Editor in 35.59 ms, found 2 plugins.
Preloading 0 native plugins for Editor in 0.00 ms.
Initialize engine version: 2020.3.14f1 (d0d1bb862f9d)
[Subsystems] Discovering subsystems at path A:/__OUTILS/__UNITY/2020.3.14f1/Editor/Data/Resources/UnitySubsystems
[Subsystems] Discovering subsystems at path D:/__PROJETS/__GITHUB/unity_ProgrammingTechniquesAndPatterns/BuildingAGraph/Assets
GfxDevice: creating device client; threaded=0
Direct3D:
    Version:  Direct3D 11.0 [level 11.1]
    Renderer: NVIDIA GeForce RTX 3070 (ID=0x2484)
    Vendor:   
    VRAM:     8043 MB
    Driver:   30.0.15.1179
Shader 'Universal Render Pipeline/Particles/Lit': fallback shader 'Universal Render Pipeline/Particles/SimpleLit' not found
Initialize mono
Mono path[0] = 'A:/__OUTILS/__UNITY/2020.3.14f1/Editor/Data/Managed'
Mono path[1] = 'A:/__OUTILS/__UNITY/2020.3.14f1/Editor/Data/MonoBleedingEdge/lib/mono/unityjit'
Mono config path = 'A:/__OUTILS/__UNITY/2020.3.14f1/Editor/Data/MonoBleedingEdge/etc'
Using monoOptions --debugger-agent=transport=dt_socket,embedding=1,server=y,suspend=n,address=127.0.0.1:56464
Begin MonoManager ReloadAssembly
Registering precompiled unity dll's ...
Register platform support module: A:/__OUTILS/__UNITY/2020.3.14f1/Editor/Data/PlaybackEngines/WebGLSupport/UnityEditor.WebGL.Extensions.dll
Register platform support module: A:/__OUTILS/__UNITY/2020.3.14f1/Editor/Data/PlaybackEngines/WindowsStandaloneSupport/UnityEditor.WindowsStandalone.Extensions.dll
Registered in 0.001237 seconds.
Native extension for WindowsStandalone target not found
Native extension for WebGL target not found
Refreshing native plugins compatible for Editor in 36.36 ms, found 2 plugins.
Preloading 0 native plugins for Editor in 0.00 ms.
Mono: successfully reloaded assembly
- Completed reload, in  1.066 seconds
Domain Reload Profiling:
	ReloadAssembly (1066ms)
		BeginReloadAssembly (52ms)
			ExecutionOrderSort (0ms)
			DisableScriptedObjects (0ms)
			BackupInstance (0ms)
			ReleaseScriptingObjects (0ms)
			CreateAndSetChildDomain (1ms)
		EndReloadAssembly (351ms)
			LoadAssemblies (51ms)
			RebuildTransferFunctionScriptingTraits (0ms)
			SetupTypeCache (123ms)
			ReleaseScriptCaches (0ms)
			RebuildScriptCaches (28ms)
			SetupLoadedEditorAssemblies (143ms)
				LogAssemblyErrors (0ms)
				InitializePlatformSupportModulesInManaged (4ms)
				SetLoadedEditorAssemblies (0ms)
				RefreshPlugins (36ms)
				BeforeProcessingInitializeOnLoad (9ms)
				ProcessInitializeOnLoadAttributes (70ms)
				ProcessInitializeOnLoadMethodAttributes (23ms)
				AfterProcessingInitializeOnLoad (0ms)
				EditorAssembliesLoaded (0ms)
			ExecutionOrderSort2 (0ms)
			AwakeInstancesAfterBackupRestoration (0ms)
Platform modules already initialized, skipping
Registering precompiled user dll's ...
Registered in 0.003177 seconds.
Begin MonoManager ReloadAssembly
Native extension for WindowsStandalone target not found
Native extension for WebGL target not found
Refreshing native plugins compatible for Editor in 37.29 ms, found 2 plugins.
Preloading 0 native plugins for Editor in 0.00 ms.
Mono: successfully reloaded assembly
- Completed reload, in  0.978 seconds
Domain Reload Profiling:
	ReloadAssembly (979ms)
		BeginReloadAssembly (141ms)
			ExecutionOrderSort (0ms)
			DisableScriptedObjects (4ms)
			BackupInstance (0ms)
			ReleaseScriptingObjects (0ms)
			CreateAndSetChildDomain (16ms)
		EndReloadAssembly (785ms)
			LoadAssemblies (99ms)
			RebuildTransferFunctionScriptingTraits (0ms)
			SetupTypeCache (253ms)
			ReleaseScriptCaches (0ms)
			RebuildScriptCaches (47ms)
			SetupLoadedEditorAssemblies (297ms)
				LogAssemblyErrors (0ms)
				InitializePlatformSupportModulesInManaged (4ms)
				SetLoadedEditorAssemblies (0ms)
				RefreshPlugins (37ms)
				BeforeProcessingInitializeOnLoad (63ms)
				ProcessInitializeOnLoadAttributes (182ms)
				ProcessInitializeOnLoadMethodAttributes (8ms)
				AfterProcessingInitializeOnLoad (2ms)
				EditorAssembliesLoaded (0ms)
			ExecutionOrderSort2 (0ms)
			AwakeInstancesAfterBackupRestoration (7ms)
Platform modules already initialized, skipping
========================================================================
Worker process is ready to serve import requests
Shader 'Universal Render Pipeline/Particles/Lit': fallback shader 'Universal Render Pipeline/Particles/SimpleLit' not found
Launched and connected shader compiler UnityShaderCompiler.exe after 0.03 seconds
Refreshing native plugins compatible for Editor in 0.53 ms, found 2 plugins.
Preloading 0 native plugins for Editor in 0.00 ms.
Unloading 2721 Unused Serialized files (Serialized files now loaded: 0)
System memory in use before: 125.1 MB.
System memory in use after: 125.3 MB.

Unloading 18 unused Assets to reduce memory usage. Loaded Objects now: 3155.
Total: 2.513500 ms (FindLiveObjects: 0.264400 ms CreateObjectMapping: 0.128900 ms MarkObjects: 2.037400 ms  DeleteObjects: 0.081500 ms)

AssetImportParameters requested are different than current active one (requested -> active):
  custom:framework-win-MediaFoundation: 216162199b28c13a410421893ffa2e32 -> 
  custom:video-decoder-ogg-theora: a1e56fd34408186e4bbccfd4996cb3dc -> 
  custom:container-muxer-webm: aa71ff27fc2769a1b78a27578f13a17b -> 
  custom:container-demuxer-webm: 4f35f7cbe854078d1ac9338744f61a02 -> 
  custom:container-demuxer-ogg: 62fdf1f143b41e24485cea50d1cbac27 -> 
  custom:video-encoder-webm-vp8: eb34c28f22e8b96e1ab97ce403110664 -> 
  custom:video-decoder-webm-vp8: 9c59270c3fd7afecdb556c50c9e8de78 -> 
  custom:audio-decoder-ogg-vorbis: bf7c407c2cedff20999df2af8eb42d56 -> 
  custom:audio-encoder-webm-vorbis: bf7c407c2cedff20999df2af8eb42d56 -> 
========================================================================
Received Import Request.
  path: Assets/Prefabs/Point.prefab
  artifactKey: Guid(c4e5ce61bac006846bb5d5d7d38144f5) Importer(815301076,1909f56bfc062723c751e8b465ee728b)
Start importing Assets/Prefabs/Point.prefab using Guid(c4e5ce61bac006846bb5d5d7d38144f5) Importer(815301076,1909f56bfc062723c751e8b465ee728b)  -> (artifact id: 'dcbf156b3c491cc116be84fdd402e065') in 0.696990 seconds 
  Import took 0.700809 seconds .

========================================================================
Received Import Request.
  Time since last request: 0.013929 seconds.
  path: Assets/Materials/Point URP.mat
  artifactKey: Guid(6bdd23b1ad7ba764699f143bac56dc07) Importer(815301076,1909f56bfc062723c751e8b465ee728b)
Start importing Assets/Materials/Point URP.mat using Guid(6bdd23b1ad7ba764699f143bac56dc07) Importer(815301076,1909f56bfc062723c751e8b465ee728b)  -> (artifact id: '55c8dd8bef3f8e689a725dbf1a54e6e9') in 0.025796 seconds 
  Import took 0.041157 seconds .

========================================================================
Received Import Request.
  Time since last request: 0.013286 seconds.
  path: Assets/Materials/Shaders/Point Surface.shader
  artifactKey: Guid(ba423d8e59d12c54ea7ca70088660e6f) Importer(815301076,1909f56bfc062723c751e8b465ee728b)
Start importing Assets/Materials/Shaders/Point Surface.shader using Guid(ba423d8e59d12c54ea7ca70088660e6f) Importer(815301076,1909f56bfc062723c751e8b465ee728b)  -> (artifact id: 'f4de6202b0cd95fd01feea4832c9fb6d') in 0.006262 seconds 
  Import took 0.009721 seconds .

========================================================================
Received Import Request.
  Time since last request: 0.039523 seconds.
  path: Assets/Scripts/Graph.cs
  artifactKey: Guid(ce7b19af107d9da4389ca517ac0f3c06) Importer(815301076,1909f56bfc062723c751e8b465ee728b)
Start importing Assets/Scripts/Graph.cs using Guid(ce7b19af107d9da4389ca517ac0f3c06) Importer(815301076,1909f56bfc062723c751e8b465ee728b)  -> (artifact id: '43b47777bb1069b51a56e09a1aeae2a1') in 0.008229 seconds 
  Import took 0.012183 seconds .

========================================================================
Received Import Request.
  Time since last request: 0.008120 seconds.
  path: Assets/Materials/Point Surface.mat
  artifactKey: Guid(a9d518c7621ad1c418acefb3543e3b16) Importer(815301076,1909f56bfc062723c751e8b465ee728b)
Start importing Assets/Materials/Point Surface.mat using Guid(a9d518c7621ad1c418acefb3543e3b16) Importer(815301076,1909f56bfc062723c751e8b465ee728b)  -> (artifact id: '672a4cd2917c489d4a76cc336a4e4c7a') in 0.015961 seconds 
  Import took 0.019369 seconds .

========================================================================
Received Import Request.
  Time since last request: 0.004608 seconds.
  path: Assets/Materials/Shaders/Point URP.shadergraph
  artifactKey: Guid(68329505e6864274abe7383dc6eff780) Importer(815301076,1909f56bfc062723c751e8b465ee728b)
Start importing Assets/Materials/Shaders/Point URP.shadergraph using Guid(68329505e6864274abe7383dc6eff780) Importer(815301076,1909f56bfc062723c751e8b465ee728b)  -> (artifact id: '9b56835cad266d09cf62b99b16c8238c') in 0.003807 seconds 
  Import took 0.007795 seconds .

========================================================================
Received Import Request.
  Time since last request: 0.017695 seconds.
  path: Assets/Scenes/MainScene.unity
  artifactKey: Guid(9fc0d4010bbf28b4594072e72b8655ab) Importer(815301076,1909f56bfc062723c751e8b465ee728b)
Start importing Assets/Scenes/MainScene.unity using Guid(9fc0d4010bbf28b4594072e72b8655ab) Importer(815301076,1909f56bfc062723c751e8b465ee728b)  -> (artifact id: '19a2e0da9885596d067d2cf793b2adbe') in 0.005372 seconds 
  Import took 0.008704 seconds .

========================================================================
Received Import Request.
  Time since last request: 0.004163 seconds.
  path: Assets/URP/URP_Renderer.asset
  artifactKey: Guid(2fbaf0681f289484a9492f3b2637d0ed) Importer(815301076,1909f56bfc062723c751e8b465ee728b)
Start importing Assets/URP/URP_Renderer.asset using Guid(2fbaf0681f289484a9492f3b2637d0ed) Importer(815301076,1909f56bfc062723c751e8b465ee728b)  -> (artifact id: '4db23022d77b6e604f9f0edcf7140132') in 0.006671 seconds 
  Import took 0.010008 seconds .

AssetImportWorkerClient::OnTransportError - code=2 error=End of file
